<?xml version="1.0" encoding="UTF-8"?>
<!-- Generated by org.testng.reporters.JUnitReportReporter -->
<testsuite skipped="0" hostname="HYD-LAP-0317" name="com.qa.rest.test.Test3_ValHeader" tests="1" failures="0" timestamp="2020-03-12T06:15:02 PDT" time="0.397" errors="0">
  <testcase name="Hval" time="0.397" classname="com.qa.rest.test.Test3_ValHeader"/>
</testsuite> <!-- com.qa.rest.test.Test3_ValHeader -->
