<?xml version="1.0" encoding="UTF-8"?>
<!-- Generated by org.testng.reporters.JUnitReportReporter -->
<testsuite skipped="0" hostname="HYD-LAP-0317" name="com.qa.rest.test.Test5_Auth" tests="1" failures="0" timestamp="2020-03-12T06:15:02 PDT" time="0.568" errors="0">
  <testcase name="GetWeaDetails" time="0.568" classname="com.qa.rest.test.Test5_Auth"/>
</testsuite> <!-- com.qa.rest.test.Test5_Auth -->
