<?xml version="1.0" encoding="UTF-8"?>
<!-- Generated by org.testng.reporters.JUnitReportReporter -->
<testsuite skipped="0" hostname="HYD-LAP-0317" name="com.qa.rest.datadriven.Test1_Basic" tests="3" failures="0" timestamp="2020-03-12T06:15:02 PDT" time="4.368" errors="0">
  <testcase name="creData" time="0.980" classname="com.qa.rest.datadriven.Test1_Basic"/>
  <testcase name="creData" time="2.484" classname="com.qa.rest.datadriven.Test1_Basic"/>
  <testcase name="creData" time="0.904" classname="com.qa.rest.datadriven.Test1_Basic"/>
</testsuite> <!-- com.qa.rest.datadriven.Test1_Basic -->
